Using pre-set license
Built from '2020.2/staging' branch; Version is '2020.2.7f1 (c53830e277f1) revision 12924976'; Using compiler version '192528614'; Build Type 'Release'
OS: 'Windows 10 Home; OS build 19042.1165; Version 2009; 64bit' Language: 'ru' Physical Memory: 16268 MB
BatchMode: 1, IsHumanControllingUs: 0, StartBugReporterOnCrash: 0, Is64bit: 1, IsPro: 0

 COMMAND LINE ARGUMENTS:
D:\Program Files\Unity Hub\2020.2.7f1\Editor\Unity.exe
-adb2
-batchMode
-noUpm
-name
AssetImportWorker0
-projectPath
D:/Program Files/Unity Hub/Projects/EskizProjectPWRG/EskizPWRG_v.0.2
-logFile
Logs/AssetImportWorker0.log
-srvPort
50412
Successfully changed project path to: D:/Program Files/Unity Hub/Projects/EskizProjectPWRG/EskizPWRG_v.0.2
D:/Program Files/Unity Hub/Projects/EskizProjectPWRG/EskizPWRG_v.0.2
Using Asset Import Pipeline V2.
Refreshing native plugins compatible for Editor in 62.18 ms, found 0 plugins.
Preloading 0 native plugins for Editor in 0.00 ms.
Initialize engine version: 2020.2.7f1 (c53830e277f1)
[Subsystems] Discovering subsystems at path D:/Program Files/Unity Hub/2020.2.7f1/Editor/Data/Resources/UnitySubsystems
[Subsystems] Discovering subsystems at path D:/Program Files/Unity Hub/Projects/EskizProjectPWRG/EskizPWRG_v.0.2/Assets
GfxDevice: creating device client; threaded=0
Direct3D:
    Version:  Direct3D 11.0 [level 11.1]
    Renderer: NVIDIA GeForce GTX 1050 with Max-Q Design (ID=0x1c8d)
    Vendor:   
    VRAM:     4021 MB
    Driver:   26.21.14.4587
Initialize mono
Mono path[0] = 'D:/Program Files/Unity Hub/2020.2.7f1/Editor/Data/Managed'
Mono path[1] = 'D:/Program Files/Unity Hub/2020.2.7f1/Editor/Data/MonoBleedingEdge/lib/mono/unityjit'
Mono config path = 'D:/Program Files/Unity Hub/2020.2.7f1/Editor/Data/MonoBleedingEdge/etc'
Using monoOptions --debugger-agent=transport=dt_socket,embedding=1,server=y,suspend=n,address=127.0.0.1:56436
Begin MonoManager ReloadAssembly
Registering precompiled unity dll's ...
Register platform support module: D:/Program Files/Unity Hub/2020.2.7f1/Editor/Data/PlaybackEngines/WebGLSupport/UnityEditor.WebGL.Extensions.dll
Register platform support module: D:/Program Files/Unity Hub/2020.2.7f1/Editor/Data/PlaybackEngines/WindowsStandaloneSupport/UnityEditor.WindowsStandalone.Extensions.dll
Registered in 0.001408 seconds.
Native extension for WindowsStandalone target not found
Native extension for WebGL target not found
Refreshing native plugins compatible for Editor in 49.57 ms, found 0 plugins.
Preloading 0 native plugins for Editor in 0.00 ms.
Invoked RoslynAnalysisRunner static constructor.
RoslynAnalysisRunner will not be running.
RoslynAnalysisRunner has terminated.
Mono: successfully reloaded assembly
- Completed reload, in  1.448 seconds
Platform modules already initialized, skipping
Registering precompiled user dll's ...
Registered in 0.001990 seconds.
Begin MonoManager ReloadAssembly
Native extension for WindowsStandalone target not found
Native extension for WebGL target not found
Refreshing native plugins compatible for Editor in 0.59 ms, found 0 plugins.
Preloading 0 native plugins for Editor in 0.00 ms.
Invoked RoslynAnalysisRunner static constructor.
RoslynAnalysisRunner will not be running.
RoslynAnalysisRunner has terminated.
Mono: successfully reloaded assembly
- Completed reload, in  0.808 seconds
Platform modules already initialized, skipping
========================================================================
Worker process is ready to serve import requests
Launched and connected shader compiler UnityShaderCompiler.exe after 0.05 seconds
Refreshing native plugins compatible for Editor in 0.81 ms, found 0 plugins.
Preloading 0 native plugins for Editor in 0.00 ms.
Unloading 1300 Unused Serialized files (Serialized files now loaded: 0)
System memory in use before: 70.7 MB.
System memory in use after: 70.8 MB.

Unloading 13 unused Assets to reduce memory usage. Loaded Objects now: 1746.
Total: 2.030900 ms (FindLiveObjects: 0.164700 ms CreateObjectMapping: 0.049100 ms MarkObjects: 1.737800 ms  DeleteObjects: 0.078000 ms)

========================================================================
Received Import Request.
  path: Assets/CustomAssets/Prefabs/Redactor/Window1Item.prefab
  artifactKey: Guid(828e8fc3f2aaf104fa395cbf381e16d9) Importer(815301076,1909f56bfc062723c751e8b465ee728b)
Start importing Assets/CustomAssets/Prefabs/Redactor/Window1Item.prefab using Guid(828e8fc3f2aaf104fa395cbf381e16d9) Importer(815301076,1909f56bfc062723c751e8b465ee728b)  -> (artifact id: '8dcc507a6a3455fa1f853c37185f5411') in 0.147414 seconds
  Import took 0.150879 seconds .

========================================================================
Received Import Request.
  Time since last request: 0.000264 seconds.
  path: Assets/CustomAssets/Prefabs/Redactor/Window1_1Item.prefab
  artifactKey: Guid(dfdb0189cb1067745ad55470bd25bf3b) Importer(815301076,1909f56bfc062723c751e8b465ee728b)
Start importing Assets/CustomAssets/Prefabs/Redactor/Window1_1Item.prefab using Guid(dfdb0189cb1067745ad55470bd25bf3b) Importer(815301076,1909f56bfc062723c751e8b465ee728b)  -> (artifact id: 'd9a4d1f14a05bd98385f728f7d1c5fa7') in 0.025780 seconds
  Import took 0.028305 seconds .

========================================================================
Received Import Request.
  Time since last request: 21.708324 seconds.
  path: Assets/CustomAssets/Prefabs/Redactor/Window1_1Item 1.prefab
  artifactKey: Guid(c6865ba4058137246904765954a2a71f) Importer(815301076,1909f56bfc062723c751e8b465ee728b)
Start importing Assets/CustomAssets/Prefabs/Redactor/Window1_1Item 1.prefab using Guid(c6865ba4058137246904765954a2a71f) Importer(815301076,1909f56bfc062723c751e8b465ee728b)  -> (artifact id: '4ac683bd24ca286752f4b416a4a8de51') in 0.016325 seconds
  Import took 0.020160 seconds .

========================================================================
Received Import Request.
  Time since last request: 14.341393 seconds.
  path: Assets/CustomAssets/Prefabs/Redactor/Window1_1Item(Backup).prefab
  artifactKey: Guid(c6865ba4058137246904765954a2a71f) Importer(815301076,1909f56bfc062723c751e8b465ee728b)
Start importing Assets/CustomAssets/Prefabs/Redactor/Window1_1Item(Backup).prefab using Guid(c6865ba4058137246904765954a2a71f) Importer(815301076,1909f56bfc062723c751e8b465ee728b)  -> (artifact id: '4cf3a03790f514934d3465226695b3f9') in 0.020337 seconds
  Import took 0.024625 seconds .

========================================================================
Received Import Request.
  Time since last request: 0.001853 seconds.
  path: Assets/CustomAssets/Prefabs/Redactor/Window1_1Item(Backup).prefab
  artifactKey: Guid(c6865ba4058137246904765954a2a71f) Importer(815301076,1909f56bfc062723c751e8b465ee728b)
Start importing Assets/CustomAssets/Prefabs/Redactor/Window1_1Item(Backup).prefab using Guid(c6865ba4058137246904765954a2a71f) Importer(815301076,1909f56bfc062723c751e8b465ee728b)  -> (artifact id: '4cf3a03790f514934d3465226695b3f9') in 0.016609 seconds
  Import took 0.019561 seconds .

========================================================================
Received Import Request.
  Time since last request: 3.023902 seconds.
  path: Assets/CustomAssets/Prefabs/Redactor/Window1Item 1.prefab
  artifactKey: Guid(dd64c8e72077c8f41bcfc5bd5aebb5bf) Importer(815301076,1909f56bfc062723c751e8b465ee728b)
Start importing Assets/CustomAssets/Prefabs/Redactor/Window1Item 1.prefab using Guid(dd64c8e72077c8f41bcfc5bd5aebb5bf) Importer(815301076,1909f56bfc062723c751e8b465ee728b)  -> (artifact id: 'a0eb98ccb36f83477ebf20eb892c63fb') in 0.016830 seconds
  Import took 0.020566 seconds .

========================================================================
Received Import Request.
  Time since last request: 9.024572 seconds.
  path: Assets/CustomAssets/Prefabs/Redactor/Window1Item(Backup).prefab
  artifactKey: Guid(dd64c8e72077c8f41bcfc5bd5aebb5bf) Importer(815301076,1909f56bfc062723c751e8b465ee728b)
Start importing Assets/CustomAssets/Prefabs/Redactor/Window1Item(Backup).prefab using Guid(dd64c8e72077c8f41bcfc5bd5aebb5bf) Importer(815301076,1909f56bfc062723c751e8b465ee728b)  -> (artifact id: '2b90bdd7714b67631ee5c68d58fd1732') in 0.016974 seconds
  Import took 0.020782 seconds .

========================================================================
Received Import Request.
  Time since last request: 25.200304 seconds.
  path: Assets/CustomAssets/Prefabs/Redactor/Window1_1Item.prefab
  artifactKey: Guid(dfdb0189cb1067745ad55470bd25bf3b) Importer(815301076,1909f56bfc062723c751e8b465ee728b)
Start importing Assets/CustomAssets/Prefabs/Redactor/Window1_1Item.prefab using Guid(dfdb0189cb1067745ad55470bd25bf3b) Importer(815301076,1909f56bfc062723c751e8b465ee728b)  -> (artifact id: '3c78081d8ef310ac177c965214d18ac9') in 0.013756 seconds
  Import took 0.017533 seconds .

========================================================================
Received Import Request.
  Time since last request: 6.927148 seconds.
  path: Assets/CustomAssets/Prefabs/Redactor/Window1_1Item.prefab
  artifactKey: Guid(dfdb0189cb1067745ad55470bd25bf3b) Importer(815301076,1909f56bfc062723c751e8b465ee728b)
Start importing Assets/CustomAssets/Prefabs/Redactor/Window1_1Item.prefab using Guid(dfdb0189cb1067745ad55470bd25bf3b) Importer(815301076,1909f56bfc062723c751e8b465ee728b)  -> (artifact id: 'c5f24a0dae14d5108f9b4c772758ccd7') in 0.004625 seconds
  Import took 0.007737 seconds .

========================================================================
Received Import Request.
  Time since last request: 6.459495 seconds.
  path: Assets/CustomAssets/Prefabs/Redactor/Window1_1Item.prefab
  artifactKey: Guid(dfdb0189cb1067745ad55470bd25bf3b) Importer(815301076,1909f56bfc062723c751e8b465ee728b)
Start importing Assets/CustomAssets/Prefabs/Redactor/Window1_1Item.prefab using Guid(dfdb0189cb1067745ad55470bd25bf3b) Importer(815301076,1909f56bfc062723c751e8b465ee728b)  -> (artifact id: '6a187f9585edcb42f684afbc39eb2301') in 0.011363 seconds
  Import took 0.015687 seconds .

========================================================================
Received Import Request.
  Time since last request: 13.313311 seconds.
  path: Assets/CustomAssets/Prefabs/Redactor/Window1_1Item.prefab
  artifactKey: Guid(dfdb0189cb1067745ad55470bd25bf3b) Importer(815301076,1909f56bfc062723c751e8b465ee728b)
Start importing Assets/CustomAssets/Prefabs/Redactor/Window1_1Item.prefab using Guid(dfdb0189cb1067745ad55470bd25bf3b) Importer(815301076,1909f56bfc062723c751e8b465ee728b)  -> (artifact id: '445351065a057d4b45db6a33e4eca192') in 0.011156 seconds
  Import took 0.015185 seconds .

========================================================================
Received Import Request.
  Time since last request: 3.030229 seconds.
  path: Assets/CustomAssets/Prefabs/Redactor/Window1_1Item.prefab
  artifactKey: Guid(dfdb0189cb1067745ad55470bd25bf3b) Importer(815301076,1909f56bfc062723c751e8b465ee728b)
Start importing Assets/CustomAssets/Prefabs/Redactor/Window1_1Item.prefab using Guid(dfdb0189cb1067745ad55470bd25bf3b) Importer(815301076,1909f56bfc062723c751e8b465ee728b)  -> (artifact id: '7f8796eefa02c30ccdc965e86ae4a16d') in 0.017333 seconds
  Import took 0.020374 seconds .

========================================================================
Received Import Request.
  Time since last request: 44.689663 seconds.
  path: Assets/CustomAssets/Prefabs/Redactor/Window1_1Item.prefab
  artifactKey: Guid(dfdb0189cb1067745ad55470bd25bf3b) Importer(815301076,1909f56bfc062723c751e8b465ee728b)
Start importing Assets/CustomAssets/Prefabs/Redactor/Window1_1Item.prefab using Guid(dfdb0189cb1067745ad55470bd25bf3b) Importer(815301076,1909f56bfc062723c751e8b465ee728b)  -> (artifact id: '278caba88c8b33e9a93dcef5387d7612') in 0.016329 seconds
  Import took 0.019834 seconds .

========================================================================
Received Import Request.
  Time since last request: 64.640870 seconds.
  path: Assets/CustomAssets/Prefabs/Redactor/Window1_1Item.prefab
  artifactKey: Guid(dfdb0189cb1067745ad55470bd25bf3b) Importer(815301076,1909f56bfc062723c751e8b465ee728b)
Start importing Assets/CustomAssets/Prefabs/Redactor/Window1_1Item.prefab using Guid(dfdb0189cb1067745ad55470bd25bf3b) Importer(815301076,1909f56bfc062723c751e8b465ee728b)  -> (artifact id: '4a2bacf57bbe059bf2fed9cb1518be76') in 0.028984 seconds
  Import took 0.031787 seconds .

========================================================================
Received Import Request.
  Time since last request: 8.727340 seconds.
  path: Assets/CustomAssets/Prefabs/Redactor/Window1_1Item.prefab
  artifactKey: Guid(dfdb0189cb1067745ad55470bd25bf3b) Importer(815301076,1909f56bfc062723c751e8b465ee728b)
Start importing Assets/CustomAssets/Prefabs/Redactor/Window1_1Item.prefab using Guid(dfdb0189cb1067745ad55470bd25bf3b) Importer(815301076,1909f56bfc062723c751e8b465ee728b)  -> (artifact id: '588e264226273f120d16b468c67355ae') in 0.015695 seconds
  Import took 0.018958 seconds .

========================================================================
Received Import Request.
  Time since last request: 23.245718 seconds.
  path: Assets/CustomAssets/Prefabs/Redactor/Window1_1Item.prefab
  artifactKey: Guid(dfdb0189cb1067745ad55470bd25bf3b) Importer(815301076,1909f56bfc062723c751e8b465ee728b)
Start importing Assets/CustomAssets/Prefabs/Redactor/Window1_1Item.prefab using Guid(dfdb0189cb1067745ad55470bd25bf3b) Importer(815301076,1909f56bfc062723c751e8b465ee728b)  -> (artifact id: 'd83d982d4f80b18e61adea0e8f3deaf9') in 0.014158 seconds
  Import took 0.018760 seconds .

========================================================================
Received Import Request.
  Time since last request: 6.824845 seconds.
  path: Assets/CustomAssets/Prefabs/Redactor/Window1_1Item.prefab
  artifactKey: Guid(dfdb0189cb1067745ad55470bd25bf3b) Importer(815301076,1909f56bfc062723c751e8b465ee728b)
Start importing Assets/CustomAssets/Prefabs/Redactor/Window1_1Item.prefab using Guid(dfdb0189cb1067745ad55470bd25bf3b) Importer(815301076,1909f56bfc062723c751e8b465ee728b)  -> (artifact id: 'c36413b9e034d34cb1744c05950cf09e') in 0.013364 seconds
  Import took 0.016481 seconds .

========================================================================
Received Import Request.
  Time since last request: 13.753687 seconds.
  path: Assets/CustomAssets/Prefabs/Redactor/Window1_1Item.prefab
  artifactKey: Guid(dfdb0189cb1067745ad55470bd25bf3b) Importer(815301076,1909f56bfc062723c751e8b465ee728b)
Start importing Assets/CustomAssets/Prefabs/Redactor/Window1_1Item.prefab using Guid(dfdb0189cb1067745ad55470bd25bf3b) Importer(815301076,1909f56bfc062723c751e8b465ee728b)  -> (artifact id: 'a877b80025a2f9524cbca9547ca7bf9a') in 0.013228 seconds
  Import took 0.017080 seconds .

========================================================================
Received Import Request.
  Time since last request: 14.990981 seconds.
  path: Assets/CustomAssets/Prefabs/Redactor/Window1_1Item.prefab
  artifactKey: Guid(dfdb0189cb1067745ad55470bd25bf3b) Importer(815301076,1909f56bfc062723c751e8b465ee728b)
Start importing Assets/CustomAssets/Prefabs/Redactor/Window1_1Item.prefab using Guid(dfdb0189cb1067745ad55470bd25bf3b) Importer(815301076,1909f56bfc062723c751e8b465ee728b)  -> (artifact id: '26fc3724f9e67de72b56a28ab755f594') in 0.016470 seconds
  Import took 0.019694 seconds .

========================================================================
Received Import Request.
  Time since last request: 73.482567 seconds.
  path: Assets/CustomAssets/Prefabs/Redactor/Window1Item.prefab
  artifactKey: Guid(828e8fc3f2aaf104fa395cbf381e16d9) Importer(815301076,1909f56bfc062723c751e8b465ee728b)
Start importing Assets/CustomAssets/Prefabs/Redactor/Window1Item.prefab using Guid(828e8fc3f2aaf104fa395cbf381e16d9) Importer(815301076,1909f56bfc062723c751e8b465ee728b)  -> (artifact id: 'bdb7e9e35a3a5a4385db14c1ed98b54a') in 0.016547 seconds
  Import took 0.020527 seconds .

========================================================================
Received Import Request.
  Time since last request: 15.938430 seconds.
  path: Assets/CustomAssets/Prefabs/Redactor/Window1Item.prefab
  artifactKey: Guid(828e8fc3f2aaf104fa395cbf381e16d9) Importer(815301076,1909f56bfc062723c751e8b465ee728b)
Start importing Assets/CustomAssets/Prefabs/Redactor/Window1Item.prefab using Guid(828e8fc3f2aaf104fa395cbf381e16d9) Importer(815301076,1909f56bfc062723c751e8b465ee728b)  -> (artifact id: '994af7e9c881e9c19c2b2edb54321020') in 0.015807 seconds
  Import took 0.019728 seconds .

========================================================================
Received Import Request.
  Time since last request: 8.721409 seconds.
  path: Assets/CustomAssets/Prefabs/Redactor/Window1Item.prefab
  artifactKey: Guid(828e8fc3f2aaf104fa395cbf381e16d9) Importer(815301076,1909f56bfc062723c751e8b465ee728b)
Start importing Assets/CustomAssets/Prefabs/Redactor/Window1Item.prefab using Guid(828e8fc3f2aaf104fa395cbf381e16d9) Importer(815301076,1909f56bfc062723c751e8b465ee728b)  -> (artifact id: 'dc085155431c176c54cf68c46c0b29eb') in 0.016447 seconds
  Import took 0.021500 seconds .

========================================================================
Received Import Request.
  Time since last request: 4.990925 seconds.
  path: Assets/CustomAssets/Prefabs/Redactor/Window1Item.prefab
  artifactKey: Guid(828e8fc3f2aaf104fa395cbf381e16d9) Importer(815301076,1909f56bfc062723c751e8b465ee728b)
Start importing Assets/CustomAssets/Prefabs/Redactor/Window1Item.prefab using Guid(828e8fc3f2aaf104fa395cbf381e16d9) Importer(815301076,1909f56bfc062723c751e8b465ee728b)  -> (artifact id: '28fcc1e396ead447cd29b9a4a848de1c') in 0.013372 seconds
  Import took 0.016827 seconds .

========================================================================
Received Prepare
Registering precompiled user dll's ...
Registered in 0.002011 seconds.
Begin MonoManager ReloadAssembly
Native extension for WindowsStandalone target not found
Native extension for WebGL target not found
Refreshing native plugins compatible for Editor in 0.64 ms, found 0 plugins.
Preloading 0 native plugins for Editor in 0.00 ms.
Invoked RoslynAnalysisRunner static constructor.
RoslynAnalysisRunner will not be running.
RoslynAnalysisRunner has terminated.
Mono: successfully reloaded assembly
- Completed reload, in  0.790 seconds
Platform modules already initialized, skipping
Refreshing native plugins compatible for Editor in 0.57 ms, found 0 plugins.
Preloading 0 native plugins for Editor in 0.00 ms.
Unloading 1286 Unused Serialized files (Serialized files now loaded: 0)
System memory in use before: 73.1 MB.
System memory in use after: 73.2 MB.

Unloading 8 unused Assets to reduce memory usage. Loaded Objects now: 1757.
Total: 1.692200 ms (FindLiveObjects: 0.129100 ms CreateObjectMapping: 0.040600 ms MarkObjects: 1.471400 ms  DeleteObjects: 0.050400 ms)

========================================================================
Received Import Request.
  Time since last request: 279.416001 seconds.
  path: Assets/CustomAssets/Prefabs/Redactor/Window1_1Item.prefab
  artifactKey: Guid(dfdb0189cb1067745ad55470bd25bf3b) Importer(815301076,1909f56bfc062723c751e8b465ee728b)
Start importing Assets/CustomAssets/Prefabs/Redactor/Window1_1Item.prefab using Guid(dfdb0189cb1067745ad55470bd25bf3b) Importer(815301076,1909f56bfc062723c751e8b465ee728b)  -> (artifact id: 'f80bc5853b66610cbc09704d3a8090e6') in 0.059867 seconds
  Import took 0.063386 seconds .

========================================================================
Received Import Request.
  Time since last request: 6.920456 seconds.
  path: Assets/CustomAssets/Prefabs/Redactor/Window1Item.prefab
  artifactKey: Guid(828e8fc3f2aaf104fa395cbf381e16d9) Importer(815301076,1909f56bfc062723c751e8b465ee728b)
Start importing Assets/CustomAssets/Prefabs/Redactor/Window1Item.prefab using Guid(828e8fc3f2aaf104fa395cbf381e16d9) Importer(815301076,1909f56bfc062723c751e8b465ee728b)  -> (artifact id: '4d09815044b4ce135f53859c973ca2e7') in 0.016093 seconds
  Import took 0.019198 seconds .

========================================================================
Received Import Request.
  Time since last request: 82.138060 seconds.
  path: Assets/Scripts/RoomCreator.cs
  artifactKey: Guid(74122045391f7bf4d9e73a8afb20e462) Importer(815301076,1909f56bfc062723c751e8b465ee728b)
Start importing Assets/Scripts/RoomCreator.cs using Guid(74122045391f7bf4d9e73a8afb20e462) Importer(815301076,1909f56bfc062723c751e8b465ee728b)  -> (artifact id: 'ca48d10674f9c042a749d0dd38fb8de4') in 0.009818 seconds
  Import took 0.018316 seconds .

========================================================================
Received Prepare
Registering precompiled user dll's ...
Registered in 0.001900 seconds.
Begin MonoManager ReloadAssembly
Native extension for WindowsStandalone target not found
Native extension for WebGL target not found
Refreshing native plugins compatible for Editor in 0.59 ms, found 0 plugins.
Preloading 0 native plugins for Editor in 0.00 ms.
Invoked RoslynAnalysisRunner static constructor.
RoslynAnalysisRunner will not be running.
RoslynAnalysisRunner has terminated.
Mono: successfully reloaded assembly
- Completed reload, in  1.012 seconds
Platform modules already initialized, skipping
Refreshing native plugins compatible for Editor in 0.57 ms, found 0 plugins.
Preloading 0 native plugins for Editor in 0.00 ms.
Unloading 1286 Unused Serialized files (Serialized files now loaded: 0)
System memory in use before: 73.1 MB.
System memory in use after: 73.2 MB.

Unloading 8 unused Assets to reduce memory usage. Loaded Objects now: 1761.
Total: 1.694600 ms (FindLiveObjects: 0.191800 ms CreateObjectMapping: 0.064200 ms MarkObjects: 1.356000 ms  DeleteObjects: 0.081300 ms)

========================================================================
Received Prepare
Registering precompiled user dll's ...
Registered in 0.002684 seconds.
Begin MonoManager ReloadAssembly
Native extension for WindowsStandalone target not found
Native extension for WebGL target not found
Refreshing native plugins compatible for Editor in 1.02 ms, found 0 plugins.
Preloading 0 native plugins for Editor in 0.00 ms.
Invoked RoslynAnalysisRunner static constructor.
RoslynAnalysisRunner will not be running.
RoslynAnalysisRunner has terminated.
Mono: successfully reloaded assembly
- Completed reload, in  1.319 seconds
Platform modules already initialized, skipping
Refreshing native plugins compatible for Editor in 0.81 ms, found 0 plugins.
Preloading 0 native plugins for Editor in 0.00 ms.
Unloading 1286 Unused Serialized files (Serialized files now loaded: 0)
System memory in use before: 73.2 MB.
System memory in use after: 73.2 MB.

Unloading 8 unused Assets to reduce memory usage. Loaded Objects now: 1764.
Total: 3.421400 ms (FindLiveObjects: 0.253100 ms CreateObjectMapping: 0.069500 ms MarkObjects: 2.978000 ms  DeleteObjects: 0.118800 ms)

========================================================================
Received Prepare
Registering precompiled user dll's ...
Registered in 0.002150 seconds.
Begin MonoManager ReloadAssembly
Native extension for WindowsStandalone target not found
Native extension for WebGL target not found
Refreshing native plugins compatible for Editor in 0.90 ms, found 0 plugins.
Preloading 0 native plugins for Editor in 0.00 ms.
Invoked RoslynAnalysisRunner static constructor.
RoslynAnalysisRunner will not be running.
RoslynAnalysisRunner has terminated.
Mono: successfully reloaded assembly
- Completed reload, in  1.083 seconds
Platform modules already initialized, skipping
Refreshing native plugins compatible for Editor in 0.76 ms, found 0 plugins.
Preloading 0 native plugins for Editor in 0.00 ms.
Unloading 1286 Unused Serialized files (Serialized files now loaded: 0)
System memory in use before: 73.2 MB.
System memory in use after: 73.2 MB.

Unloading 8 unused Assets to reduce memory usage. Loaded Objects now: 1767.
Total: 2.564600 ms (FindLiveObjects: 0.291400 ms CreateObjectMapping: 0.102300 ms MarkObjects: 2.101600 ms  DeleteObjects: 0.067300 ms)

========================================================================
Received Prepare
Registering precompiled user dll's ...
Registered in 0.001948 seconds.
Begin MonoManager ReloadAssembly
Native extension for WindowsStandalone target not found
Native extension for WebGL target not found
Refreshing native plugins compatible for Editor in 0.55 ms, found 0 plugins.
Preloading 0 native plugins for Editor in 0.00 ms.
Invoked RoslynAnalysisRunner static constructor.
RoslynAnalysisRunner will not be running.
RoslynAnalysisRunner has terminated.
Mono: successfully reloaded assembly
- Completed reload, in  0.840 seconds
Platform modules already initialized, skipping
Refreshing native plugins compatible for Editor in 0.67 ms, found 0 plugins.
Preloading 0 native plugins for Editor in 0.00 ms.
Unloading 1286 Unused Serialized files (Serialized files now loaded: 0)
System memory in use before: 73.2 MB.
System memory in use after: 73.3 MB.

Unloading 8 unused Assets to reduce memory usage. Loaded Objects now: 1770.
Total: 1.933200 ms (FindLiveObjects: 0.172300 ms CreateObjectMapping: 0.062300 ms MarkObjects: 1.635500 ms  DeleteObjects: 0.061500 ms)

========================================================================
Received Prepare
Registering precompiled user dll's ...
Registered in 0.001838 seconds.
Begin MonoManager ReloadAssembly
Native extension for WindowsStandalone target not found
Native extension for WebGL target not found
Refreshing native plugins compatible for Editor in 0.63 ms, found 0 plugins.
Preloading 0 native plugins for Editor in 0.00 ms.
Invoked RoslynAnalysisRunner static constructor.
RoslynAnalysisRunner will not be running.
RoslynAnalysisRunner has terminated.
Mono: successfully reloaded assembly
- Completed reload, in  0.809 seconds
Platform modules already initialized, skipping
Refreshing native plugins compatible for Editor in 0.58 ms, found 0 plugins.
Preloading 0 native plugins for Editor in 0.00 ms.
Unloading 1286 Unused Serialized files (Serialized files now loaded: 0)
System memory in use before: 73.2 MB.
System memory in use after: 73.3 MB.

Unloading 8 unused Assets to reduce memory usage. Loaded Objects now: 1773.
Total: 2.141600 ms (FindLiveObjects: 0.296000 ms CreateObjectMapping: 0.108100 ms MarkObjects: 1.682500 ms  DeleteObjects: 0.053600 ms)

========================================================================
Received Prepare
Registering precompiled user dll's ...
Registered in 0.002451 seconds.
Begin MonoManager ReloadAssembly
Native extension for WindowsStandalone target not found
Native extension for WebGL target not found
Refreshing native plugins compatible for Editor in 0.71 ms, found 0 plugins.
Preloading 0 native plugins for Editor in 0.00 ms.
Invoked RoslynAnalysisRunner static constructor.
RoslynAnalysisRunner will not be running.
RoslynAnalysisRunner has terminated.
Mono: successfully reloaded assembly
- Completed reload, in  0.802 seconds
Platform modules already initialized, skipping
Refreshing native plugins compatible for Editor in 0.56 ms, found 0 plugins.
Preloading 0 native plugins for Editor in 0.00 ms.
Unloading 1286 Unused Serialized files (Serialized files now loaded: 0)
System memory in use before: 73.2 MB.
System memory in use after: 73.3 MB.

Unloading 8 unused Assets to reduce memory usage. Loaded Objects now: 1776.
Total: 2.052300 ms (FindLiveObjects: 0.170000 ms CreateObjectMapping: 0.042200 ms MarkObjects: 1.757200 ms  DeleteObjects: 0.081000 ms)

========================================================================
Received Prepare
Registering precompiled user dll's ...
Registered in 0.003614 seconds.
Begin MonoManager ReloadAssembly
Native extension for WindowsStandalone target not found
Native extension for WebGL target not found
Refreshing native plugins compatible for Editor in 0.82 ms, found 0 plugins.
Preloading 0 native plugins for Editor in 0.00 ms.
Invoked RoslynAnalysisRunner static constructor.
RoslynAnalysisRunner will not be running.
RoslynAnalysisRunner has terminated.
Mono: successfully reloaded assembly
- Completed reload, in  1.273 seconds
Platform modules already initialized, skipping
Refreshing native plugins compatible for Editor in 0.73 ms, found 0 plugins.
Preloading 0 native plugins for Editor in 0.00 ms.
Unloading 1286 Unused Serialized files (Serialized files now loaded: 0)
System memory in use before: 73.2 MB.
System memory in use after: 73.3 MB.

Unloading 8 unused Assets to reduce memory usage. Loaded Objects now: 1779.
Total: 2.231500 ms (FindLiveObjects: 0.276000 ms CreateObjectMapping: 0.093500 ms MarkObjects: 1.796900 ms  DeleteObjects: 0.063600 ms)

========================================================================
Received Prepare
Registering precompiled user dll's ...
Registered in 0.002115 seconds.
Begin MonoManager ReloadAssembly
Native extension for WindowsStandalone target not found
Native extension for WebGL target not found
Refreshing native plugins compatible for Editor in 1.18 ms, found 0 plugins.
Preloading 0 native plugins for Editor in 0.00 ms.
Invoked RoslynAnalysisRunner static constructor.
RoslynAnalysisRunner will not be running.
RoslynAnalysisRunner has terminated.
Mono: successfully reloaded assembly
- Completed reload, in  1.088 seconds
Platform modules already initialized, skipping
Refreshing native plugins compatible for Editor in 0.66 ms, found 0 plugins.
Preloading 0 native plugins for Editor in 0.00 ms.
Unloading 1286 Unused Serialized files (Serialized files now loaded: 0)
System memory in use before: 73.2 MB.
System memory in use after: 73.3 MB.

Unloading 8 unused Assets to reduce memory usage. Loaded Objects now: 1782.
Total: 1.982000 ms (FindLiveObjects: 0.159400 ms CreateObjectMapping: 0.050000 ms MarkObjects: 1.665800 ms  DeleteObjects: 0.105100 ms)

========================================================================
Received Prepare
Registering precompiled user dll's ...
Registered in 0.003740 seconds.
Begin MonoManager ReloadAssembly
Native extension for WindowsStandalone target not found
Native extension for WebGL target not found
Refreshing native plugins compatible for Editor in 0.99 ms, found 0 plugins.
Preloading 0 native plugins for Editor in 0.00 ms.
Invoked RoslynAnalysisRunner static constructor.
RoslynAnalysisRunner will not be running.
RoslynAnalysisRunner has terminated.
Mono: successfully reloaded assembly
- Completed reload, in  1.365 seconds
Platform modules already initialized, skipping
Refreshing native plugins compatible for Editor in 0.77 ms, found 0 plugins.
Preloading 0 native plugins for Editor in 0.00 ms.
Unloading 1286 Unused Serialized files (Serialized files now loaded: 0)
System memory in use before: 73.2 MB.
System memory in use after: 73.3 MB.

Unloading 8 unused Assets to reduce memory usage. Loaded Objects now: 1785.
Total: 2.451000 ms (FindLiveObjects: 0.284600 ms CreateObjectMapping: 0.139600 ms MarkObjects: 1.955700 ms  DeleteObjects: 0.069500 ms)

========================================================================
Received Prepare
Registering precompiled user dll's ...
Registered in 0.002325 seconds.
Begin MonoManager ReloadAssembly
Native extension for WindowsStandalone target not found
Native extension for WebGL target not found
Refreshing native plugins compatible for Editor in 0.76 ms, found 0 plugins.
Preloading 0 native plugins for Editor in 0.00 ms.
Invoked RoslynAnalysisRunner static constructor.
RoslynAnalysisRunner will not be running.
RoslynAnalysisRunner has terminated.
Mono: successfully reloaded assembly
- Completed reload, in  1.139 seconds
Platform modules already initialized, skipping
Refreshing native plugins compatible for Editor in 0.66 ms, found 0 plugins.
Preloading 0 native plugins for Editor in 0.00 ms.
Unloading 1286 Unused Serialized files (Serialized files now loaded: 0)
System memory in use before: 73.2 MB.
System memory in use after: 73.3 MB.

Unloading 8 unused Assets to reduce memory usage. Loaded Objects now: 1788.
Total: 2.182800 ms (FindLiveObjects: 0.196200 ms CreateObjectMapping: 0.064800 ms MarkObjects: 1.857400 ms  DeleteObjects: 0.063200 ms)

========================================================================
Received Prepare
Registering precompiled user dll's ...
Registered in 0.003043 seconds.
Begin MonoManager ReloadAssembly
Native extension for WindowsStandalone target not found
Native extension for WebGL target not found
Refreshing native plugins compatible for Editor in 0.90 ms, found 0 plugins.
Preloading 0 native plugins for Editor in 0.00 ms.
Invoked RoslynAnalysisRunner static constructor.
RoslynAnalysisRunner will not be running.
RoslynAnalysisRunner has terminated.
Mono: successfully reloaded assembly
- Completed reload, in  1.388 seconds
Platform modules already initialized, skipping
Refreshing native plugins compatible for Editor in 0.76 ms, found 0 plugins.
Preloading 0 native plugins for Editor in 0.00 ms.
Unloading 1286 Unused Serialized files (Serialized files now loaded: 0)
System memory in use before: 73.2 MB.
System memory in use after: 73.3 MB.

Unloading 8 unused Assets to reduce memory usage. Loaded Objects now: 1791.
Total: 2.373400 ms (FindLiveObjects: 0.305100 ms CreateObjectMapping: 0.081200 ms MarkObjects: 1.916900 ms  DeleteObjects: 0.067900 ms)

========================================================================
Received Prepare
Registering precompiled user dll's ...
Registered in 0.002119 seconds.
Begin MonoManager ReloadAssembly
Native extension for WindowsStandalone target not found
Native extension for WebGL target not found
Refreshing native plugins compatible for Editor in 0.94 ms, found 0 plugins.
Preloading 0 native plugins for Editor in 0.00 ms.
Invoked RoslynAnalysisRunner static constructor.
RoslynAnalysisRunner will not be running.
RoslynAnalysisRunner has terminated.
Mono: successfully reloaded assembly
- Completed reload, in  1.108 seconds
Platform modules already initialized, skipping
Refreshing native plugins compatible for Editor in 0.71 ms, found 0 plugins.
Preloading 0 native plugins for Editor in 0.00 ms.
Unloading 1286 Unused Serialized files (Serialized files now loaded: 0)
System memory in use before: 73.2 MB.
System memory in use after: 73.3 MB.

Unloading 8 unused Assets to reduce memory usage. Loaded Objects now: 1794.
Total: 2.150800 ms (FindLiveObjects: 0.201900 ms CreateObjectMapping: 0.048300 ms MarkObjects: 1.834300 ms  DeleteObjects: 0.064900 ms)

========================================================================
Received Prepare
Registering precompiled user dll's ...
Registered in 0.003516 seconds.
Begin MonoManager ReloadAssembly
Native extension for WindowsStandalone target not found
Native extension for WebGL target not found
Refreshing native plugins compatible for Editor in 0.82 ms, found 0 plugins.
Preloading 0 native plugins for Editor in 0.00 ms.
Invoked RoslynAnalysisRunner static constructor.
RoslynAnalysisRunner will not be running.
RoslynAnalysisRunner has terminated.
Mono: successfully reloaded assembly
- Completed reload, in  1.454 seconds
Platform modules already initialized, skipping
Refreshing native plugins compatible for Editor in 0.81 ms, found 0 plugins.
Preloading 0 native plugins for Editor in 0.00 ms.
Unloading 1286 Unused Serialized files (Serialized files now loaded: 0)
System memory in use before: 73.2 MB.
System memory in use after: 73.3 MB.

Unloading 8 unused Assets to reduce memory usage. Loaded Objects now: 1797.
Total: 2.613400 ms (FindLiveObjects: 0.210500 ms CreateObjectMapping: 0.062200 ms MarkObjects: 2.271200 ms  DeleteObjects: 0.067600 ms)

AssetImportWorkerClient::OnTransportError - code=2 error=End of file
