Using pre-set license
Built from '2020.2/staging' branch; Version is '2020.2.7f1 (c53830e277f1) revision 12924976'; Using compiler version '192528614'; Build Type 'Release'
OS: 'Windows 10 Home; OS build 19042.1110; Version 2009; 64bit' Language: 'ru' Physical Memory: 16268 MB
BatchMode: 1, IsHumanControllingUs: 0, StartBugReporterOnCrash: 0, Is64bit: 1, IsPro: 0

 COMMAND LINE ARGUMENTS:
D:\Program Files\Unity Hub\2020.2.7f1\Editor\Unity.exe
-adb2
-batchMode
-noUpm
-name
AssetImportWorker0
-projectPath
D:/Program Files/Unity Hub/Projects/EskizProjectPWRG/EskizPWRG_v.0.1
-logFile
Logs/AssetImportWorker0.log
-srvPort
1161
Successfully changed project path to: D:/Program Files/Unity Hub/Projects/EskizProjectPWRG/EskizPWRG_v.0.1
D:/Program Files/Unity Hub/Projects/EskizProjectPWRG/EskizPWRG_v.0.1
Using Asset Import Pipeline V2.
Refreshing native plugins compatible for Editor in 57.89 ms, found 0 plugins.
Preloading 0 native plugins for Editor in 0.00 ms.
Initialize engine version: 2020.2.7f1 (c53830e277f1)
[Subsystems] Discovering subsystems at path D:/Program Files/Unity Hub/2020.2.7f1/Editor/Data/Resources/UnitySubsystems
[Subsystems] Discovering subsystems at path D:/Program Files/Unity Hub/Projects/EskizProjectPWRG/EskizPWRG_v.0.1/Assets
GfxDevice: creating device client; threaded=0
Direct3D:
    Version:  Direct3D 11.0 [level 11.1]
    Renderer: NVIDIA GeForce GTX 1050 with Max-Q Design (ID=0x1c8d)
    Vendor:   
    VRAM:     4021 MB
    Driver:   26.21.14.4587
Initialize mono
Mono path[0] = 'D:/Program Files/Unity Hub/2020.2.7f1/Editor/Data/Managed'
Mono path[1] = 'D:/Program Files/Unity Hub/2020.2.7f1/Editor/Data/MonoBleedingEdge/lib/mono/unityjit'
Mono config path = 'D:/Program Files/Unity Hub/2020.2.7f1/Editor/Data/MonoBleedingEdge/etc'
Using monoOptions --debugger-agent=transport=dt_socket,embedding=1,server=y,suspend=n,address=127.0.0.1:56244
Begin MonoManager ReloadAssembly
Registering precompiled unity dll's ...
Register platform support module: D:/Program Files/Unity Hub/2020.2.7f1/Editor/Data/PlaybackEngines/WebGLSupport/UnityEditor.WebGL.Extensions.dll
Register platform support module: D:/Program Files/Unity Hub/2020.2.7f1/Editor/Data/PlaybackEngines/WindowsStandaloneSupport/UnityEditor.WindowsStandalone.Extensions.dll
Registered in 0.001406 seconds.
Native extension for WindowsStandalone target not found
Native extension for WebGL target not found
Refreshing native plugins compatible for Editor in 49.53 ms, found 0 plugins.
Preloading 0 native plugins for Editor in 0.00 ms.
Invoked RoslynAnalysisRunner static constructor.
RoslynAnalysisRunner will not be running.
RoslynAnalysisRunner has terminated.
Mono: successfully reloaded assembly
- Completed reload, in  1.628 seconds
Platform modules already initialized, skipping
Registering precompiled user dll's ...
Registered in 0.001977 seconds.
Begin MonoManager ReloadAssembly
Native extension for WindowsStandalone target not found
Native extension for WebGL target not found
Refreshing native plugins compatible for Editor in 0.53 ms, found 0 plugins.
Preloading 0 native plugins for Editor in 0.00 ms.
Invoked RoslynAnalysisRunner static constructor.
RoslynAnalysisRunner will not be running.
RoslynAnalysisRunner has terminated.
Mono: successfully reloaded assembly
- Completed reload, in  0.816 seconds
Platform modules already initialized, skipping
========================================================================
Worker process is ready to serve import requests
Launched and connected shader compiler UnityShaderCompiler.exe after 0.06 seconds
Refreshing native plugins compatible for Editor in 0.54 ms, found 0 plugins.
Preloading 0 native plugins for Editor in 0.00 ms.
Unloading 1289 Unused Serialized files (Serialized files now loaded: 0)
System memory in use before: 70.1 MB.
System memory in use after: 70.1 MB.

Unloading 13 unused Assets to reduce memory usage. Loaded Objects now: 1733.
Total: 1.762700 ms (FindLiveObjects: 0.160500 ms CreateObjectMapping: 0.062700 ms MarkObjects: 1.462200 ms  DeleteObjects: 0.076000 ms)

========================================================================
Received Import Request.
  path: Packages/jillejr.newtonsoft.json-for-unity/package.json
  artifactKey: Guid(1256f839cbfec614788f6476a1771a3b) Importer(815301076,1909f56bfc062723c751e8b465ee728b)
Start importing Packages/jillejr.newtonsoft.json-for-unity/package.json using Guid(1256f839cbfec614788f6476a1771a3b) Importer(815301076,1909f56bfc062723c751e8b465ee728b)  -> (artifact id: '6ebeea66bdfeb2fa6e9052e4f3835b5b') in 0.119843 seconds
  Import took 0.122186 seconds .

========================================================================
Received Import Request.
  Time since last request: 0.000255 seconds.
  path: Packages/jillejr.newtonsoft.json-for-unity/Plugins
  artifactKey: Guid(dcc112154aa101444bb75e80dc8d3460) Importer(815301076,1909f56bfc062723c751e8b465ee728b)
Start importing Packages/jillejr.newtonsoft.json-for-unity/Plugins using Guid(dcc112154aa101444bb75e80dc8d3460) Importer(815301076,1909f56bfc062723c751e8b465ee728b)  -> (artifact id: 'ae7437e77654cb226241dbc78d1e8c80') in 0.007811 seconds
  Import took 0.009904 seconds .

========================================================================
Received Import Request.
  Time since last request: 0.805176 seconds.
  path: Packages/jillejr.newtonsoft.json-for-unity/Plugins/Newtonsoft.Json Portable
  artifactKey: Guid(9c30b0536f00d704fb24d771be85c5ab) Importer(815301076,1909f56bfc062723c751e8b465ee728b)
Start importing Packages/jillejr.newtonsoft.json-for-unity/Plugins/Newtonsoft.Json Portable using Guid(9c30b0536f00d704fb24d771be85c5ab) Importer(815301076,1909f56bfc062723c751e8b465ee728b)  -> (artifact id: '0f5421889a6aa6f6e0f386909f61cf5d') in 0.008198 seconds
  Import took 0.010997 seconds .

========================================================================
Received Import Request.
  Time since last request: 3.287710 seconds.
  path: Packages/jillejr.newtonsoft.json-for-unity/Plugins/Newtonsoft.Json Editor
  artifactKey: Guid(d5e42d032b0c4084b883d9d7f74a5ad8) Importer(815301076,1909f56bfc062723c751e8b465ee728b)
Start importing Packages/jillejr.newtonsoft.json-for-unity/Plugins/Newtonsoft.Json Editor using Guid(d5e42d032b0c4084b883d9d7f74a5ad8) Importer(815301076,1909f56bfc062723c751e8b465ee728b)  -> (artifact id: 'a98a909c6386ad49116fa2e621bdb394') in 0.007945 seconds
  Import took 0.010519 seconds .

========================================================================
Received Import Request.
  Time since last request: 2.892049 seconds.
  path: Packages/jillejr.newtonsoft.json-for-unity/Plugins/Newtonsoft.Json AOT
  artifactKey: Guid(793bdc0667ed017448ebfc2b29db3cce) Importer(815301076,1909f56bfc062723c751e8b465ee728b)
Start importing Packages/jillejr.newtonsoft.json-for-unity/Plugins/Newtonsoft.Json AOT using Guid(793bdc0667ed017448ebfc2b29db3cce) Importer(815301076,1909f56bfc062723c751e8b465ee728b)  -> (artifact id: 'b55bb212d3925256fa27a6cb433614f5') in 0.008756 seconds
  Import took 0.011375 seconds .

========================================================================
Received Import Request.
  Time since last request: 10.343624 seconds.
  path: Packages/com.unity.ide.rider/Rider/Editor/com.unity.ide.rider.asmdef
  artifactKey: Guid(d528c8c98d269ca44a06cd9624a03945) Importer(815301076,1909f56bfc062723c751e8b465ee728b)
Start importing Packages/com.unity.ide.rider/Rider/Editor/com.unity.ide.rider.asmdef using Guid(d528c8c98d269ca44a06cd9624a03945) Importer(815301076,1909f56bfc062723c751e8b465ee728b)  -> (artifact id: '648b9dc8522a9bdde0af25e50cf87dc5') in 0.013999 seconds
  Import took 0.016823 seconds .

========================================================================
Received Import Request.
  Time since last request: 0.000344 seconds.
  path: Packages/com.unity.ide.visualstudio/Editor/com.unity.ide.visualstudio.asmdef
  artifactKey: Guid(b93f844d45cfcc44fa2b0eed5c9ec6bb) Importer(815301076,1909f56bfc062723c751e8b465ee728b)
Start importing Packages/com.unity.ide.visualstudio/Editor/com.unity.ide.visualstudio.asmdef using Guid(b93f844d45cfcc44fa2b0eed5c9ec6bb) Importer(815301076,1909f56bfc062723c751e8b465ee728b)  -> (artifact id: 'b3fac500a61d5b0f513607a2cd882b89') in 0.008818 seconds
  Import took 0.011295 seconds .

AssetImportWorkerClient::OnTransportError - code=2 error=End of file
